2024-07-10 15:19:32 INFO  p.p.s.c.OperationRestControllerTest - Starting OperationRestControllerTest using Java 22.0.1 with PID 21772 (started by 044883 in C:\Users\044883\Desktop\Dossiers\PFE\smartopgit\smartop)
2024-07-10 15:19:32 INFO  p.p.s.c.OperationRestControllerTest - No active profile set, falling back to 1 default profile: "default"
2024-07-10 15:19:32 DEBUG o.s.w.c.s.GenericWebApplicationContext - Refreshing org.springframework.web.context.support.GenericWebApplicationContext@13e9f2e2
2024-07-10 15:19:34 INFO  o.s.d.r.c.RepositoryConfigurationDelegate - Bootstrapping Spring Data JPA repositories in DEFAULT mode.
2024-07-10 15:19:34 INFO  o.s.d.r.c.RepositoryConfigurationDelegate - Finished Spring Data repository scanning in 132 ms. Found 3 JPA repository interfaces.
2024-07-10 15:19:35 INFO  o.h.jpa.internal.util.LogHelper - HHH000204: Processing PersistenceUnitInfo [name: default]
2024-07-10 15:19:36 INFO  org.hibernate.Version - HHH000412: Hibernate ORM core version 6.4.4.Final
2024-07-10 15:19:36 INFO  o.h.c.i.RegionFactoryInitiator - HHH000026: Second-level cache disabled
2024-07-10 15:19:36 INFO  o.s.o.j.p.SpringPersistenceUnitInfo - No LoadTimeWeaver setup: ignoring JPA class transformer
2024-07-10 15:19:36 INFO  com.zaxxer.hikari.HikariDataSource - HikariPool-1 - Starting...
2024-07-10 15:19:37 INFO  com.zaxxer.hikari.pool.HikariPool - HikariPool-1 - Added connection com.mysql.cj.jdbc.ConnectionImpl@528e5e38
2024-07-10 15:19:37 INFO  com.zaxxer.hikari.HikariDataSource - HikariPool-1 - Start completed.
2024-07-10 15:19:39 INFO  o.h.e.t.j.p.i.JtaPlatformInitiator - HHH000489: No JTA platform available (set 'hibernate.transaction.jta.platform' to enable JTA platform integration)
2024-07-10 15:19:40 INFO  o.s.o.j.LocalContainerEntityManagerFactoryBean - Initialized JPA EntityManagerFactory for persistence unit 'default'
2024-07-10 15:19:41 DEBUG o.s.w.s.m.m.a.RequestMappingHandlerMapping - 20 mappings in 'requestMappingHandlerMapping'
2024-07-10 15:19:41 DEBUG o.s.w.s.h.SimpleUrlHandlerMapping - Patterns [/webjars/**, /**] in 'resourceHandlerMapping'
2024-07-10 15:19:41 DEBUG o.s.w.s.m.m.a.RequestMappingHandlerAdapter - ControllerAdvice beans: 0 @ModelAttribute, 0 @InitBinder, 1 RequestBodyAdvice, 1 ResponseBodyAdvice
2024-07-10 15:19:42 DEBUG o.s.w.s.m.m.a.ExceptionHandlerExceptionResolver - ControllerAdvice beans: 0 @ExceptionHandler, 1 ResponseBodyAdvice
2024-07-10 15:19:42 INFO  o.s.b.t.m.w.SpringBootMockServletContext - Initializing Spring TestDispatcherServlet ''
2024-07-10 15:19:42 INFO  o.s.t.w.s.TestDispatcherServlet - Initializing Servlet ''
2024-07-10 15:19:42 INFO  o.s.t.w.s.TestDispatcherServlet - Completed initialization in 1 ms
2024-07-10 15:19:42 INFO  p.p.s.c.OperationRestControllerTest - Started OperationRestControllerTest in 10.625 seconds (process running for 13.302)
2024-07-10 15:19:43 DEBUG o.s.w.c.s.GenericWebApplicationContext - Closing org.springframework.web.context.support.GenericWebApplicationContext@13e9f2e2, started on Wed Jul 10 15:19:32 GMT+01:00 2024
2024-07-10 15:19:43 INFO  o.s.o.j.LocalContainerEntityManagerFactoryBean - Closing JPA EntityManagerFactory for persistence unit 'default'
2024-07-10 15:19:43 INFO  com.zaxxer.hikari.HikariDataSource - HikariPool-1 - Shutdown initiated...
2024-07-10 15:19:43 INFO  com.zaxxer.hikari.HikariDataSource - HikariPool-1 - Shutdown completed.
2024-07-10 15:27:39 INFO  p.p.s.c.OperationRestControllerTest - Starting OperationRestControllerTest using Java 22.0.1 with PID 21140 (started by 044883 in C:\Users\044883\Desktop\Dossiers\PFE\smartopgit\smartop)
2024-07-10 15:27:39 INFO  p.p.s.c.OperationRestControllerTest - No active profile set, falling back to 1 default profile: "default"
2024-07-10 15:27:39 DEBUG o.s.w.c.s.GenericWebApplicationContext - Refreshing org.springframework.web.context.support.GenericWebApplicationContext@13e9f2e2
2024-07-10 15:27:40 INFO  o.s.d.r.c.RepositoryConfigurationDelegate - Bootstrapping Spring Data JPA repositories in DEFAULT mode.
2024-07-10 15:27:40 INFO  o.s.d.r.c.RepositoryConfigurationDelegate - Finished Spring Data repository scanning in 122 ms. Found 3 JPA repository interfaces.
2024-07-10 15:27:41 INFO  o.h.jpa.internal.util.LogHelper - HHH000204: Processing PersistenceUnitInfo [name: default]
2024-07-10 15:27:41 INFO  org.hibernate.Version - HHH000412: Hibernate ORM core version 6.4.4.Final
2024-07-10 15:27:41 INFO  o.h.c.i.RegionFactoryInitiator - HHH000026: Second-level cache disabled
2024-07-10 15:27:42 INFO  o.s.o.j.p.SpringPersistenceUnitInfo - No LoadTimeWeaver setup: ignoring JPA class transformer
2024-07-10 15:27:42 INFO  com.zaxxer.hikari.HikariDataSource - HikariPool-1 - Starting...
2024-07-10 15:27:43 INFO  com.zaxxer.hikari.pool.HikariPool - HikariPool-1 - Added connection com.mysql.cj.jdbc.ConnectionImpl@16391278
2024-07-10 15:27:43 INFO  com.zaxxer.hikari.HikariDataSource - HikariPool-1 - Start completed.
2024-07-10 15:27:45 INFO  o.h.e.t.j.p.i.JtaPlatformInitiator - HHH000489: No JTA platform available (set 'hibernate.transaction.jta.platform' to enable JTA platform integration)
2024-07-10 15:27:46 INFO  o.s.o.j.LocalContainerEntityManagerFactoryBean - Initialized JPA EntityManagerFactory for persistence unit 'default'
2024-07-10 15:27:47 DEBUG o.s.w.s.m.m.a.RequestMappingHandlerMapping - 20 mappings in 'requestMappingHandlerMapping'
2024-07-10 15:27:48 DEBUG o.s.w.s.h.SimpleUrlHandlerMapping - Patterns [/webjars/**, /**] in 'resourceHandlerMapping'
2024-07-10 15:27:48 DEBUG o.s.w.s.m.m.a.RequestMappingHandlerAdapter - ControllerAdvice beans: 0 @ModelAttribute, 0 @InitBinder, 1 RequestBodyAdvice, 1 ResponseBodyAdvice
2024-07-10 15:27:48 DEBUG o.s.w.s.m.m.a.ExceptionHandlerExceptionResolver - ControllerAdvice beans: 0 @ExceptionHandler, 1 ResponseBodyAdvice
2024-07-10 15:27:48 INFO  o.s.b.t.m.w.SpringBootMockServletContext - Initializing Spring TestDispatcherServlet ''
2024-07-10 15:27:48 INFO  o.s.t.w.s.TestDispatcherServlet - Initializing Servlet ''
2024-07-10 15:27:48 INFO  o.s.t.w.s.TestDispatcherServlet - Completed initialization in 2 ms
2024-07-10 15:27:48 INFO  p.p.s.c.OperationRestControllerTest - Started OperationRestControllerTest in 10.662 seconds (process running for 26.179)
2024-07-10 15:27:49 DEBUG o.s.w.c.s.GenericWebApplicationContext - Closing org.springframework.web.context.support.GenericWebApplicationContext@13e9f2e2, started on Wed Jul 10 15:27:39 GMT+01:00 2024
2024-07-10 15:27:49 INFO  o.s.o.j.LocalContainerEntityManagerFactoryBean - Closing JPA EntityManagerFactory for persistence unit 'default'
2024-07-10 15:27:49 INFO  com.zaxxer.hikari.HikariDataSource - HikariPool-1 - Shutdown initiated...
2024-07-10 15:27:49 INFO  com.zaxxer.hikari.HikariDataSource - HikariPool-1 - Shutdown completed.
2024-07-10 15:29:34 INFO  p.p.s.c.OperationRestControllerTest - Starting OperationRestControllerTest using Java 22.0.1 with PID 8780 (started by 044883 in C:\Users\044883\Desktop\Dossiers\PFE\smartopgit\smartop)
2024-07-10 15:29:34 INFO  p.p.s.c.OperationRestControllerTest - No active profile set, falling back to 1 default profile: "default"
2024-07-10 15:29:34 DEBUG o.s.w.c.s.GenericWebApplicationContext - Refreshing org.springframework.web.context.support.GenericWebApplicationContext@673bb956
2024-07-10 15:29:36 INFO  o.s.d.r.c.RepositoryConfigurationDelegate - Bootstrapping Spring Data JPA repositories in DEFAULT mode.
2024-07-10 15:29:36 INFO  o.s.d.r.c.RepositoryConfigurationDelegate - Finished Spring Data repository scanning in 124 ms. Found 3 JPA repository interfaces.
2024-07-10 15:29:37 INFO  o.h.jpa.internal.util.LogHelper - HHH000204: Processing PersistenceUnitInfo [name: default]
2024-07-10 15:29:37 INFO  org.hibernate.Version - HHH000412: Hibernate ORM core version 6.4.4.Final
2024-07-10 15:29:37 INFO  o.h.c.i.RegionFactoryInitiator - HHH000026: Second-level cache disabled
2024-07-10 15:29:38 INFO  o.s.o.j.p.SpringPersistenceUnitInfo - No LoadTimeWeaver setup: ignoring JPA class transformer
2024-07-10 15:29:38 INFO  com.zaxxer.hikari.HikariDataSource - HikariPool-1 - Starting...
2024-07-10 15:29:39 INFO  com.zaxxer.hikari.pool.HikariPool - HikariPool-1 - Added connection com.mysql.cj.jdbc.ConnectionImpl@55e42684
2024-07-10 15:29:39 INFO  com.zaxxer.hikari.HikariDataSource - HikariPool-1 - Start completed.
2024-07-10 15:29:41 INFO  o.h.e.t.j.p.i.JtaPlatformInitiator - HHH000489: No JTA platform available (set 'hibernate.transaction.jta.platform' to enable JTA platform integration)
2024-07-10 15:29:41 INFO  o.s.o.j.LocalContainerEntityManagerFactoryBean - Initialized JPA EntityManagerFactory for persistence unit 'default'
2024-07-10 15:29:42 DEBUG o.s.w.s.m.m.a.RequestMappingHandlerMapping - 20 mappings in 'requestMappingHandlerMapping'
2024-07-10 15:29:43 DEBUG o.s.w.s.h.SimpleUrlHandlerMapping - Patterns [/webjars/**, /**] in 'resourceHandlerMapping'
2024-07-10 15:29:43 DEBUG o.s.w.s.m.m.a.RequestMappingHandlerAdapter - ControllerAdvice beans: 0 @ModelAttribute, 0 @InitBinder, 1 RequestBodyAdvice, 1 ResponseBodyAdvice
2024-07-10 15:29:43 DEBUG o.s.w.s.m.m.a.ExceptionHandlerExceptionResolver - ControllerAdvice beans: 0 @ExceptionHandler, 1 ResponseBodyAdvice
2024-07-10 15:29:43 INFO  o.s.b.t.m.w.SpringBootMockServletContext - Initializing Spring TestDispatcherServlet ''
2024-07-10 15:29:43 INFO  o.s.t.w.s.TestDispatcherServlet - Initializing Servlet ''
2024-07-10 15:29:43 INFO  o.s.t.w.s.TestDispatcherServlet - Completed initialization in 1 ms
2024-07-10 15:29:43 INFO  p.p.s.c.OperationRestControllerTest - Started OperationRestControllerTest in 9.766 seconds (process running for 12.463)
2024-07-10 15:29:44 DEBUG o.s.w.c.s.GenericWebApplicationContext - Closing org.springframework.web.context.support.GenericWebApplicationContext@673bb956, started on Wed Jul 10 15:29:34 GMT+01:00 2024
2024-07-10 15:29:44 INFO  o.s.o.j.LocalContainerEntityManagerFactoryBean - Closing JPA EntityManagerFactory for persistence unit 'default'
2024-07-10 15:29:44 INFO  com.zaxxer.hikari.HikariDataSource - HikariPool-1 - Shutdown initiated...
2024-07-10 15:29:44 INFO  com.zaxxer.hikari.HikariDataSource - HikariPool-1 - Shutdown completed.
2024-07-10 15:37:18 INFO  p.p.s.c.OperationRestControllerTest - Starting OperationRestControllerTest using Java 22.0.1 with PID 5252 (started by 044883 in C:\Users\044883\Desktop\Dossiers\PFE\smartopgit\smartop)
2024-07-10 15:37:18 INFO  p.p.s.c.OperationRestControllerTest - No active profile set, falling back to 1 default profile: "default"
2024-07-10 15:37:18 DEBUG o.s.w.c.s.GenericWebApplicationContext - Refreshing org.springframework.web.context.support.GenericWebApplicationContext@60e949e1
2024-07-10 15:37:19 INFO  o.s.d.r.c.RepositoryConfigurationDelegate - Bootstrapping Spring Data JPA repositories in DEFAULT mode.
2024-07-10 15:37:20 INFO  o.s.d.r.c.RepositoryConfigurationDelegate - Finished Spring Data repository scanning in 154 ms. Found 3 JPA repository interfaces.
2024-07-10 15:37:21 INFO  o.h.jpa.internal.util.LogHelper - HHH000204: Processing PersistenceUnitInfo [name: default]
2024-07-10 15:37:21 INFO  org.hibernate.Version - HHH000412: Hibernate ORM core version 6.4.4.Final
2024-07-10 15:37:21 INFO  o.h.c.i.RegionFactoryInitiator - HHH000026: Second-level cache disabled
2024-07-10 15:37:22 INFO  o.s.o.j.p.SpringPersistenceUnitInfo - No LoadTimeWeaver setup: ignoring JPA class transformer
2024-07-10 15:37:22 INFO  com.zaxxer.hikari.HikariDataSource - HikariPool-1 - Starting...
2024-07-10 15:37:23 INFO  com.zaxxer.hikari.pool.HikariPool - HikariPool-1 - Added connection com.mysql.cj.jdbc.ConnectionImpl@305e95a4
2024-07-10 15:37:23 INFO  com.zaxxer.hikari.HikariDataSource - HikariPool-1 - Start completed.
2024-07-10 15:37:25 INFO  o.h.e.t.j.p.i.JtaPlatformInitiator - HHH000489: No JTA platform available (set 'hibernate.transaction.jta.platform' to enable JTA platform integration)
2024-07-10 15:37:25 INFO  o.s.o.j.LocalContainerEntityManagerFactoryBean - Initialized JPA EntityManagerFactory for persistence unit 'default'
2024-07-10 15:37:27 DEBUG o.s.w.s.m.m.a.RequestMappingHandlerMapping - 20 mappings in 'requestMappingHandlerMapping'
2024-07-10 15:37:27 DEBUG o.s.w.s.h.SimpleUrlHandlerMapping - Patterns [/webjars/**, /**] in 'resourceHandlerMapping'
2024-07-10 15:37:27 DEBUG o.s.w.s.m.m.a.RequestMappingHandlerAdapter - ControllerAdvice beans: 0 @ModelAttribute, 0 @InitBinder, 1 RequestBodyAdvice, 1 ResponseBodyAdvice
2024-07-10 15:37:27 DEBUG o.s.w.s.m.m.a.ExceptionHandlerExceptionResolver - ControllerAdvice beans: 0 @ExceptionHandler, 1 ResponseBodyAdvice
2024-07-10 15:37:28 INFO  o.s.b.t.m.w.SpringBootMockServletContext - Initializing Spring TestDispatcherServlet ''
2024-07-10 15:37:28 INFO  o.s.t.w.s.TestDispatcherServlet - Initializing Servlet ''
2024-07-10 15:37:28 INFO  o.s.t.w.s.TestDispatcherServlet - Completed initialization in 1 ms
2024-07-10 15:37:28 INFO  p.p.s.c.OperationRestControllerTest - Started OperationRestControllerTest in 10.817 seconds (process running for 13.49)
2024-07-10 15:37:29 DEBUG o.s.w.c.s.GenericWebApplicationContext - Closing org.springframework.web.context.support.GenericWebApplicationContext@60e949e1, started on Wed Jul 10 15:37:18 GMT+01:00 2024
2024-07-10 15:37:29 INFO  o.s.o.j.LocalContainerEntityManagerFactoryBean - Closing JPA EntityManagerFactory for persistence unit 'default'
2024-07-10 15:37:29 INFO  com.zaxxer.hikari.HikariDataSource - HikariPool-1 - Shutdown initiated...
2024-07-10 15:37:29 INFO  com.zaxxer.hikari.HikariDataSource - HikariPool-1 - Shutdown completed.
2024-07-10 15:57:24 INFO  p.p.s.c.OperationRestControllerTest - Starting OperationRestControllerTest using Java 22.0.1 with PID 4728 (started by 044883 in C:\Users\044883\Desktop\Dossiers\PFE\smartopgit\smartop)
2024-07-10 15:57:24 INFO  p.p.s.c.OperationRestControllerTest - No active profile set, falling back to 1 default profile: "default"
2024-07-10 15:57:24 DEBUG o.s.w.c.s.GenericWebApplicationContext - Refreshing org.springframework.web.context.support.GenericWebApplicationContext@60e949e1
2024-07-10 15:57:25 INFO  o.s.d.r.c.RepositoryConfigurationDelegate - Bootstrapping Spring Data JPA repositories in DEFAULT mode.
2024-07-10 15:57:25 INFO  o.s.d.r.c.RepositoryConfigurationDelegate - Finished Spring Data repository scanning in 135 ms. Found 3 JPA repository interfaces.
2024-07-10 15:57:27 INFO  o.h.jpa.internal.util.LogHelper - HHH000204: Processing PersistenceUnitInfo [name: default]
2024-07-10 15:57:27 INFO  org.hibernate.Version - HHH000412: Hibernate ORM core version 6.4.4.Final
2024-07-10 15:57:27 INFO  o.h.c.i.RegionFactoryInitiator - HHH000026: Second-level cache disabled
2024-07-10 15:57:28 INFO  o.s.o.j.p.SpringPersistenceUnitInfo - No LoadTimeWeaver setup: ignoring JPA class transformer
2024-07-10 15:57:28 INFO  com.zaxxer.hikari.HikariDataSource - HikariPool-1 - Starting...
2024-07-10 15:57:28 INFO  com.zaxxer.hikari.pool.HikariPool - HikariPool-1 - Added connection com.mysql.cj.jdbc.ConnectionImpl@38ef1a0a
2024-07-10 15:57:28 INFO  com.zaxxer.hikari.HikariDataSource - HikariPool-1 - Start completed.
2024-07-10 15:57:31 INFO  o.h.e.t.j.p.i.JtaPlatformInitiator - HHH000489: No JTA platform available (set 'hibernate.transaction.jta.platform' to enable JTA platform integration)
2024-07-10 15:57:31 INFO  o.s.o.j.LocalContainerEntityManagerFactoryBean - Initialized JPA EntityManagerFactory for persistence unit 'default'
2024-07-10 15:57:32 DEBUG o.s.w.s.m.m.a.RequestMappingHandlerMapping - 20 mappings in 'requestMappingHandlerMapping'
2024-07-10 15:57:33 DEBUG o.s.w.s.h.SimpleUrlHandlerMapping - Patterns [/webjars/**, /**] in 'resourceHandlerMapping'
2024-07-10 15:57:33 DEBUG o.s.w.s.m.m.a.RequestMappingHandlerAdapter - ControllerAdvice beans: 0 @ModelAttribute, 0 @InitBinder, 1 RequestBodyAdvice, 1 ResponseBodyAdvice
2024-07-10 15:57:33 DEBUG o.s.w.s.m.m.a.ExceptionHandlerExceptionResolver - ControllerAdvice beans: 0 @ExceptionHandler, 1 ResponseBodyAdvice
2024-07-10 15:57:33 INFO  o.s.b.t.m.w.SpringBootMockServletContext - Initializing Spring TestDispatcherServlet ''
2024-07-10 15:57:33 INFO  o.s.t.w.s.TestDispatcherServlet - Initializing Servlet ''
2024-07-10 15:57:33 INFO  o.s.t.w.s.TestDispatcherServlet - Completed initialization in 1 ms
2024-07-10 15:57:33 INFO  p.p.s.c.OperationRestControllerTest - Started OperationRestControllerTest in 10.761 seconds (process running for 14.057)
2024-07-10 15:57:34 DEBUG o.s.w.c.s.GenericWebApplicationContext - Closing org.springframework.web.context.support.GenericWebApplicationContext@60e949e1, started on Wed Jul 10 15:57:24 GMT+01:00 2024
2024-07-10 15:57:34 INFO  o.s.o.j.LocalContainerEntityManagerFactoryBean - Closing JPA EntityManagerFactory for persistence unit 'default'
2024-07-10 15:57:34 INFO  com.zaxxer.hikari.HikariDataSource - HikariPool-1 - Shutdown initiated...
2024-07-10 15:57:34 INFO  com.zaxxer.hikari.HikariDataSource - HikariPool-1 - Shutdown completed.
